# JRE version: Java(TM) SE Runtime Environment (8.0_162-b12) (build 1.8.0_162-b12)
# Java VM: Java HotSpot(TM) 64-Bit Server VM (25.162-b12 mixed mode windows-amd64 compressed oops)
Heap:
 PSYoungGen      total 11776K, used 10215K [0x00000000f5580000, 0x00000000f6c80000, 0x0000000100000000)
  eden space 8704K, 89% used [0x00000000f5580000,0x00000000f5d23e20,0x00000000f5e00000)
  from space 3072K, 77% used [0x00000000f5e00000,0x00000000f6056048,0x00000000f6100000)
  to   space 3072K, 0% used [0x00000000f6980000,0x00000000f6980000,0x00000000f6c80000)
 ParOldGen       total 22016K, used 6145K [0x00000000e0000000, 0x00000000e1580000, 0x00000000f5580000)
  object space 22016K, 27% used [0x00000000e0000000,0x00000000e0600760,0x00000000e1580000)
 Metaspace       used 17240K, capacity 18056K, committed 18304K, reserved 1064960K
  class space    used 2146K, capacity 2352K, committed 2432K, reserved 1048576K
GC Heap History (10 events):
Event: 2.548 GC heap before
{Heap before GC invocations=3 (full 0):
 PSYoungGen      total 9728K, used 9712K [0x00000000f5580000, 0x00000000f6000000, 0x0000000100000000)
  eden space 8704K, 100% used [0x00000000f5580000,0x00000000f5e00000,0x00000000f5e00000)
  from space 1024K, 98% used [0x00000000f5f00000,0x00000000f5ffc030,0x00000000f6000000)
  to   space 1024K, 0% used [0x00000000f5e00000,0x00000000f5e00000,0x00000000f5f00000)
 ParOldGen       total 22016K, used 1941K [0x00000000e0000000, 0x00000000e1580000, 0x00000000f5580000)
  object space 22016K, 8% used [0x00000000e0000000,0x00000000e01e55c0,0x00000000e1580000)
 Metaspace       used 11203K, capacity 11448K, committed 11648K, reserved 1058816K
  class space    used 1334K, capacity 1408K, committed 1408K, reserved 1048576K
Event: 2.557 GC heap after
Heap after GC invocations=3 (full 0):
 PSYoungGen      total 9728K, used 1008K [0x00000000f5580000, 0x00000000f6000000, 0x0000000100000000)
  eden space 8704K, 0% used [0x00000000f5580000,0x00000000f5580000,0x00000000f5e00000)
  from space 1024K, 98% used [0x00000000f5e00000,0x00000000f5efc010,0x00000000f5f00000)
  to   space 1024K, 0% used [0x00000000f5f00000,0x00000000f5f00000,0x00000000f6000000)
 ParOldGen       total 22016K, used 3186K [0x00000000e0000000, 0x00000000e1580000, 0x00000000f5580000)
  object space 22016K, 14% used [0x00000000e0000000,0x00000000e031cbb0,0x00000000e1580000)
 Metaspace       used 11203K, capacity 11448K, committed 11648K, reserved 1058816K
  class space    used 1334K, capacity 1408K, committed 1408K, reserved 1048576K
}
Event: 2.980 GC heap before
{Heap before GC invocations=4 (full 0):
 PSYoungGen      total 9728K, used 9712K [0x00000000f5580000, 0x00000000f6000000, 0x0000000100000000)
  eden space 8704K, 100% used [0x00000000f5580000,0x00000000f5e00000,0x00000000f5e00000)
  from space 1024K, 98% used [0x00000000f5e00000,0x00000000f5efc010,0x00000000f5f00000)
  to   space 1024K, 0% used [0x00000000f5f00000,0x00000000f5f00000,0x00000000f6000000)
 ParOldGen       total 22016K, used 3186K [0x00000000e0000000, 0x00000000e1580000, 0x00000000f5580000)
  object space 22016K, 14% used [0x00000000e0000000,0x00000000e031cbb0,0x00000000e1580000)
 Metaspace       used 12365K, capacity 12662K, committed 12928K, reserved 1060864K
  class space    used 1454K, capacity 1551K, committed 1664K, reserved 1048576K
Event: 2.984 GC heap after
Heap after GC invocations=4 (full 0):
 PSYoungGen      total 9728K, used 1024K [0x00000000f5580000, 0x00000000f6000000, 0x0000000100000000)
  eden space 8704K, 0% used [0x00000000f5580000,0x00000000f5580000,0x00000000f5e00000)
  from space 1024K, 100% used [0x00000000f5f00000,0x00000000f6000000,0x00000000f6000000)
  to   space 1024K, 0% used [0x00000000f5e00000,0x00000000f5e00000,0x00000000f5f00000)
 ParOldGen       total 22016K, used 4815K [0x00000000e0000000, 0x00000000e1580000, 0x00000000f5580000)
  object space 22016K, 21% used [0x00000000e0000000,0x00000000e04b3cc0,0x00000000e1580000)
 Metaspace       used 12365K, capacity 12662K, committed 12928K, reserved 1060864K
  class space    used 1454K, capacity 1551K, committed 1664K, reserved 1048576K
}
Event: 3.707 GC heap before
{Heap before GC invocations=5 (full 0):
 PSYoungGen      total 9728K, used 9728K [0x00000000f5580000, 0x00000000f6000000, 0x0000000100000000)
  eden space 8704K, 100% used [0x00000000f5580000,0x00000000f5e00000,0x00000000f5e00000)
  from space 1024K, 100% used [0x00000000f5f00000,0x00000000f6000000,0x00000000f6000000)
  to   space 1024K, 0% used [0x00000000f5e00000,0x00000000f5e00000,0x00000000f5f00000)
 ParOldGen       total 22016K, used 4815K [0x00000000e0000000, 0x00000000e1580000, 0x00000000f5580000)
  object space 22016K, 21% used [0x00000000e0000000,0x00000000e04b3cc0,0x00000000e1580000)
 Metaspace       used 13613K, capacity 13994K, committed 14080K, reserved 1060864K
  class space    used 1635K, capacity 1781K, committed 1792K, reserved 1048576K
Event: 3.711 GC heap after
Heap after GC invocations=5 (full 0):
 PSYoungGen      total 9728K, used 992K [0x00000000f5580000, 0x00000000f6400000, 0x0000000100000000)
  eden space 8704K, 0% used [0x00000000f5580000,0x00000000f5580000,0x00000000f5e00000)
  from space 1024K, 96% used [0x00000000f5e00000,0x00000000f5ef8010,0x00000000f5f00000)
  to   space 3072K, 0% used [0x00000000f6100000,0x00000000f6100000,0x00000000f6400000)
 ParOldGen       total 22016K, used 5865K [0x00000000e0000000, 0x00000000e1580000, 0x00000000f5580000)
  object space 22016K, 26% used [0x00000000e0000000,0x00000000e05ba760,0x00000000e1580000)
 Metaspace       used 13613K, capacity 13994K, committed 14080K, reserved 1060864K
  class space    used 1635K, capacity 1781K, committed 1792K, reserved 1048576K
}
Event: 3.925 GC heap before
{Heap before GC invocations=6 (full 0):
 PSYoungGen      total 9728K, used 9696K [0x00000000f5580000, 0x00000000f6400000, 0x0000000100000000)
  eden space 8704K, 100% used [0x00000000f5580000,0x00000000f5e00000,0x00000000f5e00000)
  from space 1024K, 96% used [0x00000000f5e00000,0x00000000f5ef8010,0x00000000f5f00000)
  to   space 3072K, 0% used [0x00000000f6100000,0x00000000f6100000,0x00000000f6400000)
 ParOldGen       total 22016K, used 5865K [0x00000000e0000000, 0x00000000e1580000, 0x00000000f5580000)
  object space 22016K, 26% used [0x00000000e0000000,0x00000000e05ba760,0x00000000e1580000)
 Metaspace       used 15069K, capacity 15836K, committed 16000K, reserved 1062912K
  class space    used 1878K, capacity 2074K, committed 2176K, reserved 1048576K
Event: 3.929 GC heap after
Heap after GC invocations=6 (full 0):
 PSYoungGen      total 11776K, used 2104K [0x00000000f5580000, 0x00000000f6c80000, 0x0000000100000000)
  eden space 8704K, 0% used [0x00000000f5580000,0x00000000f5580000,0x00000000f5e00000)
  from space 3072K, 68% used [0x00000000f6100000,0x00000000f630e050,0x00000000f6400000)
  to   space 3072K, 0% used [0x00000000f5e00000,0x00000000f5e00000,0x00000000f6100000)
 ParOldGen       total 22016K, used 5865K [0x00000000e0000000, 0x00000000e1580000, 0x00000000f5580000)
  object space 22016K, 26% used [0x00000000e0000000,0x00000000e05ba760,0x00000000e1580000)
 Metaspace       used 15069K, capacity 15836K, committed 16000K, reserved 1062912K
  class space    used 1878K, capacity 2074K, committed 2176K, reserved 1048576K
}
Event: 9.897 GC heap before
{Heap before GC invocations=7 (full 0):
 PSYoungGen      total 11776K, used 10808K [0x00000000f5580000, 0x00000000f6c80000, 0x0000000100000000)
  eden space 8704K, 100% used [0x00000000f5580000,0x00000000f5e00000,0x00000000f5e00000)
  from space 3072K, 68% used [0x00000000f6100000,0x00000000f630e050,0x00000000f6400000)
  to   space 3072K, 0% used [0x00000000f5e00000,0x00000000f5e00000,0x00000000f6100000)
 ParOldGen       total 22016K, used 5865K [0x00000000e0000000, 0x00000000e1580000, 0x00000000f5580000)
  object space 22016K, 26% used [0x00000000e0000000,0x00000000e05ba760,0x00000000e1580000)
 Metaspace       used 16460K, capacity 17228K, committed 17408K, reserved 1064960K
  class space    used 2059K, capacity 2254K, committed 2304K, reserved 1048576K
Event: 9.992 GC heap after
Heap after GC invocations=7 (full 0):
 PSYoungGen      total 11776K, used 2392K [0x00000000f5580000, 0x00000000f6c80000, 0x0000000100000000)
  eden space 8704K, 0% used [0x00000000f5580000,0x00000000f5580000,0x00000000f5e00000)
  from space 3072K, 77% used [0x00000000f5e00000,0x00000000f6056048,0x00000000f6100000)
  to   space 3072K, 0% used [0x00000000f6980000,0x00000000f6980000,0x00000000f6c80000)
 ParOldGen       total 22016K, used 6145K [0x00000000e0000000, 0x00000000e1580000, 0x00000000f5580000)
  object space 22016K, 27% used [0x00000000e0000000,0x00000000e0600760,0x00000000e1580000)
 Metaspace       used 16460K, capacity 17228K, committed 17408K, reserved 1064960K
  class space    used 2059K, capacity 2254K, committed 2304K, reserved 1048576K
}

