# JRE version: Java(TM) SE Runtime Environment (8.0_162-b12) (build 1.8.0_162-b12)
# Java VM: Java HotSpot(TM) 64-Bit Server VM (25.162-b12 mixed mode windows-amd64 compressed oops)
Heap:
 PSYoungGen      total 113152K, used 29785K [0x00000000f5580000, 0x00000000fd700000, 0x0000000100000000)
  eden space 100352K, 29% used [0x00000000f5580000,0x00000000f72965a8,0x00000000fb780000)
  from space 12800K, 0% used [0x00000000fb780000,0x00000000fb780000,0x00000000fc400000)
  to   space 12288K, 0% used [0x00000000fcb00000,0x00000000fcb00000,0x00000000fd700000)
 ParOldGen       total 50176K, used 20372K [0x00000000e0000000, 0x00000000e3100000, 0x00000000f5580000)
  object space 50176K, 40% used [0x00000000e0000000,0x00000000e13e51c8,0x00000000e3100000)
 Metaspace       used 26659K, capacity 27200K, committed 27520K, reserved 1073152K
  class space    used 2965K, capacity 3135K, committed 3200K, reserved 1048576K
GC Heap History (10 events):
Event: 4.992 GC heap before
{Heap before GC invocations=9 (full 0):
 PSYoungGen      total 73216K, used 46477K [0x00000000f5580000, 0x00000000fa780000, 0x0000000100000000)
  eden space 67072K, 60% used [0x00000000f5580000,0x00000000f7ce77e8,0x00000000f9700000)
  from space 6144K, 99% used [0x00000000f9e80000,0x00000000fa47c010,0x00000000fa480000)
  to   space 7680K, 0% used [0x00000000f9700000,0x00000000f9700000,0x00000000f9e80000)
 ParOldGen       total 22016K, used 10377K [0x00000000e0000000, 0x00000000e1580000, 0x00000000f5580000)
  object space 22016K, 47% used [0x00000000e0000000,0x00000000e0a22590,0x00000000e1580000)
 Metaspace       used 20666K, capacity 21122K, committed 21296K, reserved 1069056K
  class space    used 2483K, capacity 2651K, committed 2688K, reserved 1048576K
Event: 5.013 GC heap after
Heap after GC invocations=9 (full 0):
 PSYoungGen      total 74752K, used 7677K [0x00000000f5580000, 0x00000000fd080000, 0x0000000100000000)
  eden space 67072K, 0% used [0x00000000f5580000,0x00000000f5580000,0x00000000f9700000)
  from space 7680K, 99% used [0x00000000f9700000,0x00000000f9e7f498,0x00000000f9e80000)
  to   space 9216K, 0% used [0x00000000fc780000,0x00000000fc780000,0x00000000fd080000)
 ParOldGen       total 22016K, used 12042K [0x00000000e0000000, 0x00000000e1580000, 0x00000000f5580000)
  object space 22016K, 54% used [0x00000000e0000000,0x00000000e0bc2948,0x00000000e1580000)
 Metaspace       used 20666K, capacity 21122K, committed 21296K, reserved 1069056K
  class space    used 2483K, capacity 2651K, committed 2688K, reserved 1048576K
}
Event: 5.013 GC heap before
{Heap before GC invocations=10 (full 1):
 PSYoungGen      total 74752K, used 7677K [0x00000000f5580000, 0x00000000fd080000, 0x0000000100000000)
  eden space 67072K, 0% used [0x00000000f5580000,0x00000000f5580000,0x00000000f9700000)
  from space 7680K, 99% used [0x00000000f9700000,0x00000000f9e7f498,0x00000000f9e80000)
  to   space 9216K, 0% used [0x00000000fc780000,0x00000000fc780000,0x00000000fd080000)
 ParOldGen       total 22016K, used 12042K [0x00000000e0000000, 0x00000000e1580000, 0x00000000f5580000)
  object space 22016K, 54% used [0x00000000e0000000,0x00000000e0bc2948,0x00000000e1580000)
 Metaspace       used 20666K, capacity 21122K, committed 21296K, reserved 1069056K
  class space    used 2483K, capacity 2651K, committed 2688K, reserved 1048576K
Event: 5.110 GC heap after
Heap after GC invocations=10 (full 1):
 PSYoungGen      total 74752K, used 0K [0x00000000f5580000, 0x00000000fd080000, 0x0000000100000000)
  eden space 67072K, 0% used [0x00000000f5580000,0x00000000f5580000,0x00000000f9700000)
  from space 7680K, 0% used [0x00000000f9700000,0x00000000f9700000,0x00000000f9e80000)
  to   space 9216K, 0% used [0x00000000fc780000,0x00000000fc780000,0x00000000fd080000)
 ParOldGen       total 29696K, used 13190K [0x00000000e0000000, 0x00000000e1d00000, 0x00000000f5580000)
  object space 29696K, 44% used [0x00000000e0000000,0x00000000e0ce1b78,0x00000000e1d00000)
 Metaspace       used 20666K, capacity 21122K, committed 21296K, reserved 1069056K
  class space    used 2483K, capacity 2651K, committed 2688K, reserved 1048576K
}
Event: 6.710 GC heap before
{Heap before GC invocations=11 (full 1):
 PSYoungGen      total 74752K, used 67072K [0x00000000f5580000, 0x00000000fd080000, 0x0000000100000000)
  eden space 67072K, 100% used [0x00000000f5580000,0x00000000f9700000,0x00000000f9700000)
  from space 7680K, 0% used [0x00000000f9700000,0x00000000f9700000,0x00000000f9e80000)
  to   space 9216K, 0% used [0x00000000fc780000,0x00000000fc780000,0x00000000fd080000)
 ParOldGen       total 29696K, used 13190K [0x00000000e0000000, 0x00000000e1d00000, 0x00000000f5580000)
  object space 29696K, 44% used [0x00000000e0000000,0x00000000e0ce1b78,0x00000000e1d00000)
 Metaspace       used 23928K, capacity 24404K, committed 24704K, reserved 1071104K
  class space    used 2749K, capacity 2909K, committed 2944K, reserved 1048576K
Event: 6.729 GC heap after
Heap after GC invocations=11 (full 1):
 PSYoungGen      total 94208K, used 9193K [0x00000000f5580000, 0x00000000fd080000, 0x0000000100000000)
  eden space 84992K, 0% used [0x00000000f5580000,0x00000000f5580000,0x00000000fa880000)
  from space 9216K, 99% used [0x00000000fc780000,0x00000000fd07a6b8,0x00000000fd080000)
  to   space 12800K, 0% used [0x00000000fb780000,0x00000000fb780000,0x00000000fc400000)
 ParOldGen       total 29696K, used 18709K [0x00000000e0000000, 0x00000000e1d00000, 0x00000000f5580000)
  object space 29696K, 63% used [0x00000000e0000000,0x00000000e1245510,0x00000000e1d00000)
 Metaspace       used 23928K, capacity 24404K, committed 24704K, reserved 1071104K
  class space    used 2749K, capacity 2909K, committed 2944K, reserved 1048576K
}
Event: 9.889 GC heap before
{Heap before GC invocations=12 (full 1):
 PSYoungGen      total 94208K, used 94185K [0x00000000f5580000, 0x00000000fd080000, 0x0000000100000000)
  eden space 84992K, 100% used [0x00000000f5580000,0x00000000fa880000,0x00000000fa880000)
  from space 9216K, 99% used [0x00000000fc780000,0x00000000fd07a6b8,0x00000000fd080000)
  to   space 12800K, 0% used [0x00000000fb780000,0x00000000fb780000,0x00000000fc400000)
 ParOldGen       total 29696K, used 18709K [0x00000000e0000000, 0x00000000e1d00000, 0x00000000f5580000)
  object space 29696K, 63% used [0x00000000e0000000,0x00000000e1245510,0x00000000e1d00000)
 Metaspace       used 25762K, capacity 26308K, committed 26624K, reserved 1073152K
  class space    used 2879K, capacity 3043K, committed 3072K, reserved 1048576K
Event: 9.940 GC heap after
Heap after GC invocations=12 (full 1):
 PSYoungGen      total 113152K, used 4321K [0x00000000f5580000, 0x00000000fd700000, 0x0000000100000000)
  eden space 100352K, 0% used [0x00000000f5580000,0x00000000f5580000,0x00000000fb780000)
  from space 12800K, 33% used [0x00000000fb780000,0x00000000fbbb8798,0x00000000fc400000)
  to   space 12288K, 0% used [0x00000000fcb00000,0x00000000fcb00000,0x00000000fd700000)
 ParOldGen       total 29696K, used 27795K [0x00000000e0000000, 0x00000000e1d00000, 0x00000000f5580000)
  object space 29696K, 93% used [0x00000000e0000000,0x00000000e1b24f30,0x00000000e1d00000)
 Metaspace       used 25762K, capacity 26308K, committed 26624K, reserved 1073152K
  class space    used 2879K, capacity 3043K, committed 3072K, reserved 1048576K
}
Event: 9.940 GC heap before
{Heap before GC invocations=13 (full 2):
 PSYoungGen      total 113152K, used 4321K [0x00000000f5580000, 0x00000000fd700000, 0x0000000100000000)
  eden space 100352K, 0% used [0x00000000f5580000,0x00000000f5580000,0x00000000fb780000)
  from space 12800K, 33% used [0x00000000fb780000,0x00000000fbbb8798,0x00000000fc400000)
  to   space 12288K, 0% used [0x00000000fcb00000,0x00000000fcb00000,0x00000000fd700000)
 ParOldGen       total 29696K, used 27795K [0x00000000e0000000, 0x00000000e1d00000, 0x00000000f5580000)
  object space 29696K, 93% used [0x00000000e0000000,0x00000000e1b24f30,0x00000000e1d00000)
 Metaspace       used 25762K, capacity 26308K, committed 26624K, reserved 1073152K
  class space    used 2879K, capacity 3043K, committed 3072K, reserved 1048576K
Event: 10.119 GC heap after
Heap after GC invocations=13 (full 2):
 PSYoungGen      total 113152K, used 0K [0x00000000f5580000, 0x00000000fd700000, 0x0000000100000000)
  eden space 100352K, 0% used [0x00000000f5580000,0x00000000f5580000,0x00000000fb780000)
  from space 12800K, 0% used [0x00000000fb780000,0x00000000fb780000,0x00000000fc400000)
  to   space 12288K, 0% used [0x00000000fcb00000,0x00000000fcb00000,0x00000000fd700000)
 ParOldGen       total 50176K, used 20372K [0x00000000e0000000, 0x00000000e3100000, 0x00000000f5580000)
  object space 50176K, 40% used [0x00000000e0000000,0x00000000e13e51c8,0x00000000e3100000)
 Metaspace       used 25732K, capacity 26272K, committed 26624K, reserved 1073152K
  class space    used 2877K, capacity 3039K, committed 3072K, reserved 1048576K
}

