<?xml version="1.0" encoding="UTF-8"?>
<testng-results skipped="0" failed="1" ignored="0" total="1" passed="0">
  <reporter-output>
  </reporter-output>
  <suite name="All Test Suite" duration-ms="87140" started-at="2021-01-12T18:02:30Z" finished-at="2021-01-12T18:03:57Z">
    <groups>
    </groups>
    <test name="C:/Users/Admin/learning/src/test/java/training/framework/test/WebDriverTest.java" duration-ms="87140" started-at="2021-01-12T18:02:30Z" finished-at="2021-01-12T18:03:57Z">
      <class name="training.framework.test.WebDriverTest">
        <test-method status="PASS" signature="setUp()[pri:0, instance:training.framework.test.WebDriverTest@3551a94]" name="setUp" is-config="true" duration-ms="10517" started-at="2021-01-12T18:02:30Z" finished-at="2021-01-12T18:02:40Z">
          <reporter-output>
          </reporter-output>
        </test-method> <!-- setUp -->
        <test-method status="FAIL" signature="scenarioTest()[pri:0, instance:training.framework.test.WebDriverTest@3551a94]" name="scenarioTest" duration-ms="61385" started-at="2021-01-12T18:02:40Z" description="test" finished-at="2021-01-12T18:03:42Z">
          <exception class="org.openqa.selenium.ElementClickInterceptedException">
            <message>
              <![CDATA[element click intercepted: Element <iframe src="/products/calculator/index_ad8ca20a6d1799e286a0c0839aeb86ca523afe927b04501d8ba77dc59e5b8523.frame" allowfullscreen="" name="goog_1824756588" cd_frame_id_="86a18a1da33d6ff12127564a294715f4"></iframe> is not clickable at point (280, 102). Other element would receive the click: <a href="//console.cloud.google.com/freetrial" class="cloud-free-trial-button cta-button-primary button-primary button cloud-button cloud-button--primary
      " track-metadata-eventdetail="nav" track-metadata-position="nav" data-overflow="devsite-top-logo-row" track-type="freeTrial" data-overflow-class="devsite-header-link devsite-top-button button cloud-free-trial-button cloud-free-trial-enabled cloud-button cloud-button--primary" data-overflow-container="right" track-name="gcpCta">...</a>
  (Session info: chrome=87.0.4280.141)
Build info: version: '3.141.59', revision: 'e82be7d358', time: '2018-11-14T08:17:03'
System info: host: 'DESKTOP-6P8D5VU', ip: '192.168.133.138', os.name: 'Windows 10', os.arch: 'amd64', os.version: '10.0', java.version: '1.8.0_162'
Driver info: org.openqa.selenium.chrome.ChromeDriver
Capabilities {acceptInsecureCerts: false, browserName: chrome, browserVersion: 87.0.4280.141, chrome: {chromedriverVersion: 87.0.4280.88 (89e2380a3e36c..., userDataDir: C:\Users\Admin\AppData\Loca...}, goog:chromeOptions: {debuggerAddress: localhost:54431}, javascriptEnabled: true, networkConnectionEnabled: false, pageLoadStrategy: normal, platform: WINDOWS, platformName: WINDOWS, proxy: Proxy(), setWindowRect: true, strictFileInteractability: false, timeouts: {implicit: 0, pageLoad: 300000, script: 30000}, unhandledPromptBehavior: dismiss and notify, webauthn:virtualAuthenticators: true}
Session ID: e59fcb05ce96bf91f4864a9bd5971ccd]]>
            </message>
            <full-stacktrace>
              <![CDATA[org.openqa.selenium.ElementClickInterceptedException: element click intercepted: Element <iframe src="/products/calculator/index_ad8ca20a6d1799e286a0c0839aeb86ca523afe927b04501d8ba77dc59e5b8523.frame" allowfullscreen="" name="goog_1824756588" cd_frame_id_="86a18a1da33d6ff12127564a294715f4"></iframe> is not clickable at point (280, 102). Other element would receive the click: <a href="//console.cloud.google.com/freetrial" class="cloud-free-trial-button cta-button-primary button-primary button cloud-button cloud-button--primary
      " track-metadata-eventdetail="nav" track-metadata-position="nav" data-overflow="devsite-top-logo-row" track-type="freeTrial" data-overflow-class="devsite-header-link devsite-top-button button cloud-free-trial-button cloud-free-trial-enabled cloud-button cloud-button--primary" data-overflow-container="right" track-name="gcpCta">...</a>
  (Session info: chrome=87.0.4280.141)
Build info: version: '3.141.59', revision: 'e82be7d358', time: '2018-11-14T08:17:03'
System info: host: 'DESKTOP-6P8D5VU', ip: '192.168.133.138', os.name: 'Windows 10', os.arch: 'amd64', os.version: '10.0', java.version: '1.8.0_162'
Driver info: org.openqa.selenium.chrome.ChromeDriver
Capabilities {acceptInsecureCerts: false, browserName: chrome, browserVersion: 87.0.4280.141, chrome: {chromedriverVersion: 87.0.4280.88 (89e2380a3e36c..., userDataDir: C:\Users\Admin\AppData\Loca...}, goog:chromeOptions: {debuggerAddress: localhost:54431}, javascriptEnabled: true, networkConnectionEnabled: false, pageLoadStrategy: normal, platform: WINDOWS, platformName: WINDOWS, proxy: Proxy(), setWindowRect: true, strictFileInteractability: false, timeouts: {implicit: 0, pageLoad: 300000, script: 30000}, unhandledPromptBehavior: dismiss and notify, webauthn:virtualAuthenticators: true}
Session ID: e59fcb05ce96bf91f4864a9bd5971ccd
at sun.reflect.NativeConstructorAccessorImpl.newInstance0(Native Method)
at sun.reflect.NativeConstructorAccessorImpl.newInstance(NativeConstructorAccessorImpl.java:62)
at sun.reflect.DelegatingConstructorAccessorImpl.newInstance(DelegatingConstructorAccessorImpl.java:45)
at java.lang.reflect.Constructor.newInstance(Constructor.java:423)
at org.openqa.selenium.remote.http.W3CHttpResponseCodec.createException(W3CHttpResponseCodec.java:187)
at org.openqa.selenium.remote.http.W3CHttpResponseCodec.decode(W3CHttpResponseCodec.java:122)
at org.openqa.selenium.remote.http.W3CHttpResponseCodec.decode(W3CHttpResponseCodec.java:49)
at org.openqa.selenium.remote.HttpCommandExecutor.execute(HttpCommandExecutor.java:158)
at org.openqa.selenium.remote.service.DriverCommandExecutor.execute(DriverCommandExecutor.java:83)
at org.openqa.selenium.remote.RemoteWebDriver.execute(RemoteWebDriver.java:552)
at org.openqa.selenium.remote.RemoteWebElement.execute(RemoteWebElement.java:285)
at org.openqa.selenium.remote.RemoteWebElement.click(RemoteWebElement.java:84)
at training.framework.page.HomePageNavigator.spanOptionHandling(HomePageNavigator.java:166)
at training.framework.page.HomePageNavigator.fillSiteForm(HomePageNavigator.java:114)
at training.framework.test.WebDriverTest.StartScenarioOnBrowser(WebDriverTest.java:25)
at training.framework.test.WebDriverTest.scenarioTest(WebDriverTest.java:15)
at sun.reflect.NativeMethodAccessorImpl.invoke0(Native Method)
at sun.reflect.NativeMethodAccessorImpl.invoke(NativeMethodAccessorImpl.java:62)
at sun.reflect.DelegatingMethodAccessorImpl.invoke(DelegatingMethodAccessorImpl.java:43)
at java.lang.reflect.Method.invoke(Method.java:498)
at org.testng.internal.MethodInvocationHelper.invokeMethod(MethodInvocationHelper.java:124)
at org.testng.internal.Invoker.invokeMethod(Invoker.java:583)
at org.testng.internal.Invoker.invokeTestMethod(Invoker.java:719)
at org.testng.internal.Invoker.invokeTestMethods(Invoker.java:989)
at org.testng.internal.TestMethodWorker.invokeTestMethods(TestMethodWorker.java:125)
at org.testng.internal.TestMethodWorker.run(TestMethodWorker.java:109)
at org.testng.TestRunner.privateRun(TestRunner.java:648)
at org.testng.TestRunner.run(TestRunner.java:505)
at org.testng.SuiteRunner.runTest(SuiteRunner.java:455)
at org.testng.SuiteRunner.runSequentially(SuiteRunner.java:450)
at org.testng.SuiteRunner.privateRun(SuiteRunner.java:415)
at org.testng.SuiteRunner.run(SuiteRunner.java:364)
at org.testng.SuiteRunnerWorker.runSuite(SuiteRunnerWorker.java:52)
at org.testng.SuiteRunnerWorker.run(SuiteRunnerWorker.java:84)
at org.testng.TestNG.runSuitesSequentially(TestNG.java:1208)
at org.testng.TestNG.runSuitesLocally(TestNG.java:1137)
at org.testng.TestNG.runSuites(TestNG.java:1049)
at org.testng.TestNG.run(TestNG.java:1017)
at org.apache.maven.surefire.testng.TestNGExecutor.run(TestNGExecutor.java:283)
at org.apache.maven.surefire.testng.TestNGXmlTestSuite.execute(TestNGXmlTestSuite.java:75)
at org.apache.maven.surefire.testng.TestNGProvider.invoke(TestNGProvider.java:120)
at org.apache.maven.surefire.booter.ForkedBooter.invokeProviderInSameClassLoader(ForkedBooter.java:384)
at org.apache.maven.surefire.booter.ForkedBooter.runSuitesInProcess(ForkedBooter.java:345)
at org.apache.maven.surefire.booter.ForkedBooter.execute(ForkedBooter.java:126)
at org.apache.maven.surefire.booter.ForkedBooter.main(ForkedBooter.java:418)
]]>
            </full-stacktrace>
          </exception> <!-- org.openqa.selenium.ElementClickInterceptedException -->
          <reporter-output>
          </reporter-output>
        </test-method> <!-- scenarioTest -->
        <test-method status="PASS" signature="stopBrowser()[pri:0, instance:training.framework.test.WebDriverTest@3551a94]" name="stopBrowser" is-config="true" duration-ms="14634" started-at="2021-01-12T18:03:42Z" finished-at="2021-01-12T18:03:57Z">
          <reporter-output>
          </reporter-output>
        </test-method> <!-- stopBrowser -->
      </class> <!-- training.framework.test.WebDriverTest -->
    </test> <!-- C:/Users/Admin/learning/src/test/java/training/framework/test/WebDriverTest.java -->
  </suite> <!-- All Test Suite -->
</testng-results>
